<?xml version="1.0" encoding="UTF-8"?>
<!-- Generated by org.testng.reporters.JUnitReportReporter -->
<testsuite skipped="1" hostname="DESKTOP-8LRU86A" name="TestNGDemo" tests="3" failures="0" timestamp="28 May 2025 19:10:30 GMT" time="0.022" errors="0">
  <testcase name="getCurrentURL" time="0.013" classname="TestNGDemo"/>
  <testcase name="getTitle" time="0.009" classname="TestNGDemo"/>
  <testcase name="getPageSource" classname="TestNGDemo">
    <skipped/>
  </testcase> <!-- getPageSource -->
</testsuite> <!-- TestNGDemo -->
